<?xml version="1.0" encoding="utf-8"?>
<items>
  <date>2012-01-16</date>
  <artistes>
    <artiste id="42">
      <nom>Serge Gainsbourg</nom>
      <prenom>Serge</prenom>
      <nom_reel>Lucien Ginsburg</nom_reel>
      <role>Compositeur</role>
      <type>artiste</type>
      <pays>France</pays>
      <resume>&lt;br /&gt;&lt;br /&gt;&lt;strong&gt;Rive gauche&lt;/strong&gt;&lt;br /&gt;&lt;br /&gt;Issu d'une famille d'émigrés juifs Russes installés à Paris en 1921, Lucien Ginsburg est élevé dans la religion des arts, en particulier la musique classique que son père, pianiste de music-hall, joue pendant des heures à la maison. Après la guerre, passée sous le signe de l'exil de la peur de ceux marqués par la « yellow star », il veut devenir peintre mais, par nécessité alimentaire et impulsion paternelle, se retrouve dans les cabarets comme guitariste-pianiste.&lt;br /&gt;&lt;br /&gt;En 1954, c'est le début des saisons d'été Chez Flavio au Touquet et des nuits au Milord l'Arsouille, Lucien Ginsburg dépose ses premiers titres à la SACEM , à partir de 57, ils le seront sous le nom de Serge Gainsbourg et commenceront à être interprétés par sa patronne Michèle Arnaud. 1958, le patron du Milord, Françis Claude, lui fait ses premiers pas sur scène. Repéré par le label Philips, il entre en studio et commence sa fructueuse association avec Alain Goraguer déjà arrangeur de Boris Vian. C'est le premier succès avec &lt;em&gt;« Le poinçonneur des Lilas »&lt;/em&gt;, il entre vraiment dans la profession, part en tournée avec Jacques Brel et, supporté par Boris Vian, rencontre Juliette Gréco. Débute une collaboration qui durera tout au long de cette période « rive gauche » dont le point d'orgue sera &lt;em&gt;« La javanaise »&lt;/em&gt; à l'automne 62.&lt;br /&gt;&lt;br /&gt;&lt;strong&gt;Succès yé-yé&lt;/strong&gt;&lt;br /&gt;&lt;br /&gt;Albums, tournées, se succèdent. Sur scène, son hyper-sensibilité morgue et son physique particulier provoquent souvent des réactions de rejet. En coulisse toutefois, il est déjà un explorateur assidu du continent féminin et en tirera ses meilleurs textes. Mais son style, littéraire, sombre et très appliqué, commence à dater, l'heure n'est plus aux cabarets. Gainsbourg donne dans l'avant-garde et le jazz sur l'album &lt;em&gt;Confidentiel&lt;/em&gt; (1963) puis dans les rythmes exotiques sur &lt;em&gt;Gainsbourg Percussions&lt;/em&gt; (64) le changement est là ... mais le succès non. Celui-ci, quasiment prémédité, va venir de sa collaboration avec la chanteuse France Gall et &lt;em&gt;« Poupée de cire poupée de son »&lt;/em&gt; qui remporte le Concours de l'Eurovision en 1965. La projection que Gainsbourg fait de ses textes à double-sens sur l'image enfantine de France Gall crée le décalage (Lolita déjà...), le sommet étant atteint avec &lt;em&gt;« Les sucettes »&lt;/em&gt; en 66.&lt;br /&gt;&lt;br /&gt;Argent, nouveaux interprètes, nouvelle période, certainement la plus mature, intense et créative. C'est la pop et les comics, les Beatles dominent la planète et à la télé Serge multiplie ses apparitions, notamment dans le &lt;em&gt;Sacha Show&lt;/em&gt; de Distel. Avec Michel Colombier, son nouvel arrangeur, Serge va parfaitement être dans la pulsation de l'époque et va chercher le son de la pop anglaise au c?ur du &lt;em&gt;Swinging London&lt;/em&gt;. On notera entre autres &lt;em&gt;« Comic Strip »&lt;/em&gt; (1967) mixé par Georgio Gomelski, la B.O. du film &lt;em&gt;Le Pacha&lt;/em&gt;, véritable beat samplé avant l'heure (68), &lt;em&gt;« Elisa »&lt;/em&gt; (69). En 1968 un événement va bouleverser et transcender sa production : sa brève mais intense histoire d'amour avec Brigitte Bardot, star mondiale à l'époque. C'est la sortie de &lt;em&gt;« Bonnie and Clyde »&lt;/em&gt;, l'enregistrement de &lt;em&gt;« Je t'aime moi non plus »&lt;/em&gt; juste avant leur rupture. (titre dont Bardot bloque la sortie par peur pour sa carrière) et enfin l'hommage Baudelaurien et baroque de &lt;em&gt;« Initials B.B. »&lt;/em&gt;.&lt;br /&gt;&lt;br /&gt;&lt;strong&gt;Les années Birkin&lt;/strong&gt;&lt;br /&gt;&lt;br /&gt;Suit sur le tournage de &lt;em&gt;Slogan&lt;/em&gt;, l'autre rencontre : Jane Birkin, anglaise, très jeune mère déjà séparée de son premier mari John Barry, et dont Gainsbourg devient le Pygmalion . La sortie ré-enregistrée avec Jane de &lt;em&gt;« Je t'aime moi non plus »&lt;/em&gt; va faire à la fois un scandale et un tube mondial. En 1971 sort l'avant-gardiste &lt;em&gt;Histoire de Melody Nelson&lt;/em&gt; fruit de sa collaboration avec Jean-Claude Vannier. Chef-d'?uvre baroque, symbolique, concentrant la pop la plus aboutie et les orchestrations classiques.&lt;br /&gt;&lt;br /&gt;Jusqu'à &lt;em&gt;L'Homme à Tête de Chou&lt;/em&gt; en 1976, et à l'exception de &lt;em&gt;Vu de l'Extérieur&lt;/em&gt; (1973), Gainsbourg explorera cette veine du concept-album, notamment avec règlement de compte provocateur avec ses années de guerre sur &lt;em&gt;Rock Around the Bunker&lt;/em&gt;, album encore injustement évité aujourd'hui. Il enchaîne ensuite une série très alimentaire de tubes de l'été, de &lt;em&gt;« L'ami caouette »&lt;/em&gt; (1975) à &lt;em&gt;« Sea Sex and Sun »&lt;/em&gt; (1978).&lt;br /&gt;&lt;br /&gt;A nouveau en décalage avec l'air du temps (entre temps les punk ont débarqués), il réapparaît sur scène lors d'une collaboration avec le groupe Bijou, puis trouve une nouvelle veine qui va le faire à nouveau, et même plus que jamais auparavant, entrer en résonance avec son époque : le reggae. Il enregistre avec Robbie Shakespeare et Sly Dunbar à Kingston deux albums &lt;em&gt;Aux Armes et caetera&lt;/em&gt; (1979) puis &lt;em&gt;Mauvaises Nouvelles des Etoiles&lt;/em&gt;&amp;nbsp; (1981). Le succès est énorme, doublé de polémiques liés à sa reprise de l'ymne national &lt;em&gt;«La Marseillaise »&lt;/em&gt;.&lt;br /&gt;&lt;br /&gt;&lt;strong&gt;Gainsbarre&lt;/strong&gt;&lt;br /&gt;&lt;br /&gt;Mais en 1980 Gainsbourg-Birkin c'est fini, et ces albums introduisent un nouveau personnage : Gainsbarre (&lt;em&gt;« Ecce homo »&lt;/em&gt;), personnage auto-destructeur et vulgaire. Gainsbourg a trouvé son ultime carapace, sa sensibilité à fleur de peau sera dorénavant cachée sous les provocations médiatiques. Pour ses deux derniers albums, &lt;em&gt;Love on the Beat&lt;/em&gt; (1984) et &lt;em&gt;You're Under Arrest&lt;/em&gt; (1987), Gainsbarre saura encore bien utiliser les pointures funk-rock du moment, mais la re-dite n'est pas loin. On se souviendra davantage de l'extraordinaire engouement de la jeunesse pour ses concerts, qui, du coup, pouvaient retrouver des sommets d'émotion, tant cet accueil le touchait.&lt;br /&gt;&lt;br /&gt;Gainsbourg meurt le 2 mars 1991 d'un arrêt cardiaque à l'âge de 62 ans, « tué par Gainsbarre pour se venger de l'avoir créé » (Charles Trenet). Les collaborations réussies de son vivant sont innombrables. Les années 1990 verront son influence grandir encore, notamment dans le monde anglo-saxon. Son génie pour l'évocation d'émotions fugaces, sous-tendues par une maîtrise étonnante dans l'utilisation du meilleur des musiques populaires, font de lui un des phares de la chanson française du XXème siècle.&lt;br /&gt;&lt;br /&gt;&lt;strong&gt;Héritage&lt;/strong&gt;&lt;br /&gt;&lt;br /&gt;Début 2010, le film &lt;em&gt;Gainsbourg (Vie héroïque)&lt;/em&gt; réalisé par le dessinateur Joann Sfar met l'artiste à l'honneur sur grand écran. L'acteur principal qui a la lourde tache d'incarner le mythe, Eric Elmosnino, est entouré de Laetitia Casta (Brigitte Bardot), Lucy Gordon (Jane Birkin), Anna Mouglalis (Juliette Gréco) et Philippe Katerine (Boris Vian). Le film remporte trois trophées, dont celui du meilleur acteur, lors de la cérémonie des Césars le 25 février 2011. Au même moment, le vingtième anniversaire de la disparition de l'homme à tête de chou est célébré en grandes pompes avec la découverte de la version originale de &lt;em&gt;« Comme un boomerang »&lt;/em&gt; (1975) et la parution d'une troisième &lt;em&gt;Intégrale&lt;/em&gt; en 20 CD et 284 titres dont 14 inédits.&lt;br /&gt;&lt;br /&gt;</resume>
      <texte_bio>&lt;br /&gt;&lt;br /&gt;&lt;strong&gt;Rive gauche&lt;/strong&gt;&lt;br /&gt;&lt;br /&gt;Issu d'une famille d'émigrés juifs Russes installés à Paris en 1921, Lucien Ginsburg est élevé dans la religion des arts, en particulier la musique classique que son père, pianiste de music-hall, joue pendant des heures à la maison. Après la guerre, passée sous le signe de l'exil de la peur de ceux marqués par la « yellow star », il veut devenir peintre mais, par nécessité alimentaire et impulsion paternelle, se retrouve dans les cabarets comme guitariste-pianiste.&lt;br /&gt;&lt;br /&gt;En 1954, c'est le début des saisons d'été Chez Flavio au Touquet et des nuits au Milord l'Arsouille, Lucien Ginsburg dépose ses premiers titres à la SACEM , à partir de 57, ils le seront sous le nom de Serge Gainsbourg et commenceront à être interprétés par sa patronne Michèle Arnaud. 1958, le patron du Milord, Françis Claude, lui fait ses premiers pas sur scène. Repéré par le label Philips, il entre en studio et commence sa fructueuse association avec Alain Goraguer déjà arrangeur de Boris Vian. C'est le premier succès avec &lt;em&gt;« Le poinçonneur des Lilas »&lt;/em&gt;, il entre vraiment dans la profession, part en tournée avec Jacques Brel et, supporté par Boris Vian, rencontre Juliette Gréco. Débute une collaboration qui durera tout au long de cette période « rive gauche » dont le point d'orgue sera &lt;em&gt;« La javanaise »&lt;/em&gt; à l'automne 62.&lt;br /&gt;&lt;br /&gt;&lt;strong&gt;Succès yé-yé&lt;/strong&gt;&lt;br /&gt;&lt;br /&gt;Albums, tournées, se succèdent. Sur scène, son hyper-sensibilité morgue et son physique particulier provoquent souvent des réactions de rejet. En coulisse toutefois, il est déjà un explorateur assidu du continent féminin et en tirera ses meilleurs textes. Mais son style, littéraire, sombre et très appliqué, commence à dater, l'heure n'est plus aux cabarets. Gainsbourg donne dans l'avant-garde et le jazz sur l'album &lt;em&gt;Confidentiel&lt;/em&gt; (1963) puis dans les rythmes exotiques sur &lt;em&gt;Gainsbourg Percussions&lt;/em&gt; (64) le changement est là ... mais le succès non. Celui-ci, quasiment prémédité, va venir de sa collaboration avec la chanteuse France Gall et &lt;em&gt;« Poupée de cire poupée de son »&lt;/em&gt; qui remporte le Concours de l'Eurovision en 1965. La projection que Gainsbourg fait de ses textes à double-sens sur l'image enfantine de France Gall crée le décalage (Lolita déjà...), le sommet étant atteint avec &lt;em&gt;« Les sucettes »&lt;/em&gt; en 66.&lt;br /&gt;&lt;br /&gt;Argent, nouveaux interprètes, nouvelle période, certainement la plus mature, intense et créative. C'est la pop et les comics, les Beatles dominent la planète et à la télé Serge multiplie ses apparitions, notamment dans le &lt;em&gt;Sacha Show&lt;/em&gt; de Distel. Avec Michel Colombier, son nouvel arrangeur, Serge va parfaitement être dans la pulsation de l'époque et va chercher le son de la pop anglaise au c?ur du &lt;em&gt;Swinging London&lt;/em&gt;. On notera entre autres &lt;em&gt;« Comic Strip »&lt;/em&gt; (1967) mixé par Georgio Gomelski, la B.O. du film &lt;em&gt;Le Pacha&lt;/em&gt;, véritable beat samplé avant l'heure (68), &lt;em&gt;« Elisa »&lt;/em&gt; (69). En 1968 un événement va bouleverser et transcender sa production : sa brève mais intense histoire d'amour avec Brigitte Bardot, star mondiale à l'époque. C'est la sortie de &lt;em&gt;« Bonnie and Clyde »&lt;/em&gt;, l'enregistrement de &lt;em&gt;« Je t'aime moi non plus »&lt;/em&gt; juste avant leur rupture. (titre dont Bardot bloque la sortie par peur pour sa carrière) et enfin l'hommage Baudelaurien et baroque de &lt;em&gt;« Initials B.B. »&lt;/em&gt;.&lt;br /&gt;&lt;br /&gt;&lt;strong&gt;Les années Birkin&lt;/strong&gt;&lt;br /&gt;&lt;br /&gt;Suit sur le tournage de &lt;em&gt;Slogan&lt;/em&gt;, l'autre rencontre : Jane Birkin, anglaise, très jeune mère déjà séparée de son premier mari John Barry, et dont Gainsbourg devient le Pygmalion . La sortie ré-enregistrée avec Jane de &lt;em&gt;« Je t'aime moi non plus »&lt;/em&gt; va faire à la fois un scandale et un tube mondial. En 1971 sort l'avant-gardiste &lt;em&gt;Histoire de Melody Nelson&lt;/em&gt; fruit de sa collaboration avec Jean-Claude Vannier. Chef-d'?uvre baroque, symbolique, concentrant la pop la plus aboutie et les orchestrations classiques.&lt;br /&gt;&lt;br /&gt;Jusqu'à &lt;em&gt;L'Homme à Tête de Chou&lt;/em&gt; en 1976, et à l'exception de &lt;em&gt;Vu de l'Extérieur&lt;/em&gt; (1973), Gainsbourg explorera cette veine du concept-album, notamment avec règlement de compte provocateur avec ses années de guerre sur &lt;em&gt;Rock Around the Bunker&lt;/em&gt;, album encore injustement évité aujourd'hui. Il enchaîne ensuite une série très alimentaire de tubes de l'été, de &lt;em&gt;« L'ami caouette »&lt;/em&gt; (1975) à &lt;em&gt;« Sea Sex and Sun »&lt;/em&gt; (1978).&lt;br /&gt;&lt;br /&gt;A nouveau en décalage avec l'air du temps (entre temps les punk ont débarqués), il réapparaît sur scène lors d'une collaboration avec le groupe Bijou, puis trouve une nouvelle veine qui va le faire à nouveau, et même plus que jamais auparavant, entrer en résonance avec son époque : le reggae. Il enregistre avec Robbie Shakespeare et Sly Dunbar à Kingston deux albums &lt;em&gt;Aux Armes et caetera&lt;/em&gt; (1979) puis &lt;em&gt;Mauvaises Nouvelles des Etoiles&lt;/em&gt;&amp;nbsp; (1981). Le succès est énorme, doublé de polémiques liés à sa reprise de l'ymne national &lt;em&gt;«La Marseillaise »&lt;/em&gt;.&lt;br /&gt;&lt;br /&gt;&lt;strong&gt;Gainsbarre&lt;/strong&gt;&lt;br /&gt;&lt;br /&gt;Mais en 1980 Gainsbourg-Birkin c'est fini, et ces albums introduisent un nouveau personnage : Gainsbarre (&lt;em&gt;« Ecce homo »&lt;/em&gt;), personnage auto-destructeur et vulgaire. Gainsbourg a trouvé son ultime carapace, sa sensibilité à fleur de peau sera dorénavant cachée sous les provocations médiatiques. Pour ses deux derniers albums, &lt;em&gt;Love on the Beat&lt;/em&gt; (1984) et &lt;em&gt;You're Under Arrest&lt;/em&gt; (1987), Gainsbarre saura encore bien utiliser les pointures funk-rock du moment, mais la re-dite n'est pas loin. On se souviendra davantage de l'extraordinaire engouement de la jeunesse pour ses concerts, qui, du coup, pouvaient retrouver des sommets d'émotion, tant cet accueil le touchait.&lt;br /&gt;&lt;br /&gt;Gainsbourg meurt le 2 mars 1991 d'un arrêt cardiaque à l'âge de 62 ans, « tué par Gainsbarre pour se venger de l'avoir créé » (Charles Trenet). Les collaborations réussies de son vivant sont innombrables. Les années 1990 verront son influence grandir encore, notamment dans le monde anglo-saxon. Son génie pour l'évocation d'émotions fugaces, sous-tendues par une maîtrise étonnante dans l'utilisation du meilleur des musiques populaires, font de lui un des phares de la chanson française du XXème siècle.&lt;br /&gt;&lt;br /&gt;&lt;strong&gt;Héritage&lt;/strong&gt;&lt;br /&gt;&lt;br /&gt;Début 2010, le film &lt;em&gt;Gainsbourg (Vie héroïque)&lt;/em&gt; réalisé par le dessinateur Joann Sfar met l'artiste à l'honneur sur grand écran. L'acteur principal qui a la lourde tache d'incarner le mythe, Eric Elmosnino, est entouré de Laetitia Casta (Brigitte Bardot), Lucy Gordon (Jane Birkin), Anna Mouglalis (Juliette Gréco) et Philippe Katerine (Boris Vian). Le film remporte trois trophées, dont celui du meilleur acteur, lors de la cérémonie des Césars le 25 février 2011. Au même moment, le vingtième anniversaire de la disparition de l'homme à tête de chou est célébré en grandes pompes avec la découverte de la version originale de &lt;em&gt;« Comme un boomerang »&lt;/em&gt; (1975) et la parution d'une troisième &lt;em&gt;Intégrale&lt;/em&gt; en 20 CD et 284 titres dont 14 inédits.&lt;br /&gt;&lt;br /&gt; Copyright 2012 Music Story </texte_bio>
      <genres>


        <genre id="5" relation="2">Pop</genre>
        <genre id="24" relation="1">Chanson française</genre>
        <genre id="1" relation="3">Rock</genre>
        <genre id="25" relation="2">Reggae</genre>
        <genre id="21" relation="2">Jazz</genre>
        <genre id="26" relation="3">Funk</genre>
        <genre id="27" relation="3">Rap</genre>
        <genre id="28" relation="3">Musique classique</genre>
        <genre id="29" relation="1">Rive gauche</genre>
        <genre id="42" relation="3">Yéyé</genre>
        <genre id="71" relation="1">Pop française</genre>
        <genre id="151" relation="3">Musiques du monde</genre>
        <genre id="72" relation="1">Rock français</genre>
        <genre id="216" relation="2">Comédie Musicale</genre>
        <genre id="99" relation="2">Chanson engagée</genre>
      </genres>
      <associes>
        <associe id_artiste="42" id_associe="176" nom_associe="Boris Vian">I</associe>
        <associe id_artiste="42" id_associe="806" nom_associe="Alain Bashung">S</associe>
        <associe id_artiste="42" id_associe="746" nom_associe="Fréhel">I</associe>
        <associe id_artiste="42" id_associe="1777" nom_associe="Arthur H">S</associe>
        <associe id_artiste="42" id_associe="1422" nom_associe="Daniel Darc">S</associe>
        <associe id_artiste="42" id_associe="1218" nom_associe="Benjamin Biolay">S</associe>
        <associe id_artiste="42" id_associe="747" nom_associe="Léo Ferré">A</associe>
        <associe id_artiste="42" id_associe="1663" nom_associe="Katerine">A</associe>
        <associe id_artiste="42" id_associe="555" nom_associe="Little Richard">A</associe>
        <associe id_artiste="42" id_associe="100110" nom_associe="The Moody Blues">A</associe>
      </associes>
    </artiste>
  </artistes>
</items>